1616932006761	mozrunner::runner	INFO	Running command: "C:\\Program Files\\Mozilla Firefox\\firefox.exe" "-marionette" "-foreground" "-no-remote" "-profile" "C:\\Users\\SHIYUQ~1\\AppData\\Local\\Temp\\rust_mozprofile.bUuKbQx4J0b5"
JavaScript error: resource://gre/modules/XULStore.jsm, line 66: Error: Can't find profile directory.
console.warn: SearchSettings: "get: No settings file exists, new profile?" (new Error("", "(unknown module)"))
1616932010393	Marionette	INFO	Listening on port 57584
1616932010599	Marionette	WARN	TLS certificate errors will be ignored for this session
1616932069578	Marionette	INFO	Stopped listening on port 57584

###!!! [Child][RunMessage] Error: Channel closing: too late to send/recv, messages will be lost

1616932073960	mozrunner::runner	INFO	Running command: "C:\\Program Files\\Mozilla Firefox\\firefox.exe" "-marionette" "-foreground" "-no-remote" "-profile" "C:\\Users\\SHIYUQ~1\\AppData\\Local\\Temp\\rust_mozprofile.9HYx9snpPZ8E"
JavaScript error: resource://gre/modules/XULStore.jsm, line 66: Error: Can't find profile directory.
console.warn: SearchSettings: "get: No settings file exists, new profile?" (new Error("", "(unknown module)"))
1616932077827	Marionette	INFO	Listening on port 57721
1616932078313	Marionette	WARN	TLS certificate errors will be ignored for this session
1616932089762	Marionette	INFO	Stopped listening on port 57721

###!!! [Child][RunMessage] Error: Channel closing: too late to send/recv, messages will be lost

1616932119662	mozrunner::runner	INFO	Running command: "C:\\Program Files\\Mozilla Firefox\\firefox.exe" "-marionette" "-foreground" "-no-remote" "-profile" "C:\\Users\\SHIYUQ~1\\AppData\\Local\\Temp\\rust_mozprofile.2YxKVORI9Wz6"
JavaScript error: resource://gre/modules/XULStore.jsm, line 66: Error: Can't find profile directory.
console.warn: SearchSettings: "get: No settings file exists, new profile?" (new Error("", "(unknown module)"))
1616932123380	Marionette	INFO	Listening on port 57828
JavaScript error: chrome://browser/content/places/browserPlacesViews.js, line 131: Error: No DOM node set for aPlacesNode.
node.type: 0. node.parent: [xpconnect wrapped nsINavHistoryResultNode]
1616932123502	Marionette	WARN	TLS certificate errors will be ignored for this session
1616932144208	Marionette	INFO	Stopped listening on port 57828
1616932151992	mozrunner::runner	INFO	Running command: "C:\\Program Files\\Mozilla Firefox\\firefox.exe" "-marionette" "-foreground" "-no-remote" "-profile" "C:\\Users\\SHIYUQ~1\\AppData\\Local\\Temp\\rust_mozprofile.6z3vzYGr3vwZ"
JavaScript error: resource://gre/modules/XULStore.jsm, line 66: Error: Can't find profile directory.
console.warn: SearchSettings: "get: No settings file exists, new profile?" (new Error("", "(unknown module)"))
1616932155633	Marionette	INFO	Listening on port 57915
1616932155849	Marionette	WARN	TLS certificate errors will be ignored for this session

###!!! [Child][RunMessage] Error: Channel closing: too late to send/recv, messages will be lost


###!!! [Child][MessageChannel] Error: (msgtype=0x3A0119,name=PContent::Msg_RecordDiscardedData) Channel closing: too late to send/recv, messages will be lost

1616932169650	Marionette	INFO	Stopped listening on port 57915

###!!! [Child][RunMessage] Error: Channel closing: too late to send/recv, messages will be lost

1616932797436	mozrunner::runner	INFO	Running command: "C:\\Program Files\\Mozilla Firefox\\firefox.exe" "-marionette" "-foreground" "-no-remote" "-profile" "C:\\Users\\SHIYUQ~1\\AppData\\Local\\Temp\\rust_mozprofile.7ZAsNcM18RT8"
JavaScript error: resource://gre/modules/XULStore.jsm, line 66: Error: Can't find profile directory.
console.warn: SearchSettings: "get: No settings file exists, new profile?" (new Error("", "(unknown module)"))
JavaScript error: chrome://browser/content/places/browserPlacesViews.js, line 131: Error: No DOM node set for aPlacesNode.
node.type: 0. node.parent: [xpconnect wrapped nsINavHistoryResultNode]
1616932801299	Marionette	INFO	Listening on port 58778
1616932801770	Marionette	WARN	TLS certificate errors will be ignored for this session
console.warn: LoginRecipes: "getRecipes: falling back to a synchronous message for:" "https://www.baidu.com"
1616933043948	Marionette	INFO	Stopped listening on port 58778

###!!! [Child][RunMessage] Error: Channel closing: too late to send/recv, messages will be lost

[Parent 19512, IPC I/O Parent] WARNING: pipe error: 232: file /builds/worker/checkouts/gecko/ipc/chromium/src/chrome/common/ipc_channel_win.cc:544
1616933048179	mozrunner::runner	INFO	Running command: "C:\\Program Files\\Mozilla Firefox\\firefox.exe" "-marionette" "-foreground" "-no-remote" "-profile" "C:\\Users\\SHIYUQ~1\\AppData\\Local\\Temp\\rust_mozprofile.U85RymFCS0rJ"
JavaScript error: resource://gre/modules/XULStore.jsm, line 66: Error: Can't find profile directory.
console.warn: SearchSettings: "get: No settings file exists, new profile?" (new Error("", "(unknown module)"))
1616933051914	Marionette	INFO	Listening on port 59172
1616933052017	Marionette	WARN	TLS certificate errors will be ignored for this session
1616933116544	Marionette	INFO	Stopped listening on port 59172

###!!! [Child][RunMessage] Error: Channel closing: too late to send/recv, messages will be lost

1616933120665	mozrunner::runner	INFO	Running command: "C:\\Program Files\\Mozilla Firefox\\firefox.exe" "-marionette" "-foreground" "-no-remote" "-profile" "C:\\Users\\SHIYUQ~1\\AppData\\Local\\Temp\\rust_mozprofile.yw0AZRWNI7pW"
JavaScript error: resource://gre/modules/XULStore.jsm, line 66: Error: Can't find profile directory.
console.warn: SearchSettings: "get: No settings file exists, new profile?" (new Error("", "(unknown module)"))
1616933124180	Marionette	INFO	Listening on port 59354
1616933124502	Marionette	WARN	TLS certificate errors will be ignored for this session
1616933152807	Marionette	INFO	Stopped listening on port 59354

###!!! [Child][RunMessage] Error: Channel closing: too late to send/recv, messages will be lost

rs\\SHIYUQ~1\\AppData\\Local\\Temp\\rust_mozprofile.ToaFIPBwBk7p"
JavaScript error: resource://gre/modules/XULStore.jsm, line 66: Error: Can't find profile directory.
console.warn: SearchSettings: "get: No settings file exists, new profile?" (new Error("", "(unknown module)"))
JavaScript error: chrome://browser/content/places/browserPlacesViews.js, line 131: Error: No DOM node set for aPlacesNode.
node.type: 0. node.parent: [xpconnect wrapped nsINavHistoryResultNode]
1616933150358	Marionette	INFO	Listening on port 59455
1616933150491	Marionette	WARN	TLS certificate errors will be ignored for this session
1616933230494	Marionette	INFO	Stopped listening on port 59455

###!!! [Child][RunMessage] Error: Channel closing: too late to send/recv, messages will be lost

1616933235139	mozrunner::runner	INFO	Running command: "C:\\Program Files\\Mozilla Firefox\\firefox.exe" "-marionette" "-foreground" "-no-remote" "-profile" "C:\\Users\\SHIYUQ~1\\AppData\\Local\\Temp\\rust_mozprofile.SMGjIqtGPotf"
JavaScript error: resource://gre/modules/XULStore.jsm, line 66: Error: Can't find profile directory.
console.warn: SearchSettings: "get: No settings file exists, new profile?" (new Error("", "(unknown module)"))
1616933238982	Marionette	INFO	Listening on port 59633
1616933239478	Marionette	WARN	TLS certificate errors will be ignored for this session
1616933735368	Marionette	INFO	Stopped listening on port 59633

###!!! [Child][RunMessage] Error: Channel closing: too late to send/recv, messages will be lost

rs\\SHIYUQ~1\\AppData\\Local\\Temp\\rust_mozprofile.gVC97bXFcdlf"
JavaScript error: resource://gre/modules/XULStore.jsm, line 66: Error: Can't find profile directory.
console.warn: SearchSettings: "get: No settings file exists, new profile?" (new Error("", "(unknown module)"))
1616933477728	Marionette	INFO	Listening on port 59997
1616933478232	Marionette	WARN	TLS certificate errors will be ignored for this session
[Parent 36148, IPC I/O Parent] WARNING: file /builds/worker/checkouts/gecko/ipc/chromium/src/base/process_util_win.cc:167
1616933625158	Marionette	INFO	Stopped listening on port 59997

###!!! [Child][RunMessage] Error: Channel closing: too late to send/recv, messages will be lost

ne 66: Error: Can't find profile directory.
console.warn: SearchSettings: "get: No settings file exists, new profile?" (new Error("", "(unknown module)"))
1616933523194	Marionette	INFO	Listening on port 60162
1616933523433	Marionette	WARN	TLS certificate errors will be ignored for this session
JavaScript error: https://dss0.bdstatic.com/5aV1bjqh_Q23odCf/static/superman/js/sbase-0948aa26f1.js, line 70: Error: load css timeout : https://dss0.bdstatic.com/5aV1bjqh_Q23odCf/static/superman/css/components/user_quit_dialog-527f3ede74.css
1616933737435	Marionette	INFO	Stopped listening on port 60162

###!!! [Child][RunMessage] Error: Channel closing: too late to send/recv, messages will be lost

rs\\SHIYUQ~1\\AppData\\Local\\Temp\\rust_mozprofile.qXPpSDmWjc8u"
JavaScript error: resource://gre/modules/XULStore.jsm, line 66: Error: Can't find profile directory.
console.warn: SearchSettings: "get: No settings file exists, new profile?" (new Error("", "(unknown module)"))
1616933596180	Marionette	INFO	Listening on port 60407
1616933596272	Marionette	WARN	TLS certificate errors will be ignored for this session
1616933739424	Marionette	INFO	Stopped listening on port 60407

###!!! [Child][RunMessage] Error: Channel closing: too late to send/recv, messages will be lost

rs\\SHIYUQ~1\\AppData\\Local\\Temp\\rust_mozprofile.W1Fnz7HxyO2G"
JavaScript error: resource://gre/modules/XULStore.jsm, line 66: Error: Can't find profile directory.
console.warn: SearchSettings: "get: No settings file exists, new profile?" (new Error("", "(unknown module)"))
1616933723536	Marionette	INFO	Listening on port 60657
1616933723687	Marionette	WARN	TLS certificate errors will be ignored for this session
1616933733046	Marionette	INFO	Stopped listening on port 60657
1616933845561	mozrunner::runner	INFO	Running command: "C:\\Program Files\\Mozilla Firefox\\firefox.exe" "-marionette" "-foreground" "-no-remote" "-profile" "C:\\Users\\SHIYUQ~1\\AppData\\Local\\Temp\\rust_mozprofile.XY6JNSME0mrO"
JavaScript error: resource://gre/modules/XULStore.jsm, line 66: Error: Can't find profile directory.
console.warn: SearchSettings: "get: No settings file exists, new profile?" (new Error("", "(unknown module)"))
1616933849482	Marionette	INFO	Listening on port 61062
1616933849899	Marionette	WARN	TLS certificate errors will be ignored for this session
console.log: WebExtensions: reset-default-search: No addons in our list are installed.
1616934774927	Marionette	INFO	Stopped listening on port 61062
1616934783032	mozrunner::runner	INFO	Running command: "C:\\Program Files\\Mozilla Firefox\\firefox.exe" "-marionette" "-foreground" "-no-remote" "-profile" "C:\\Users\\SHIYUQ~1\\AppData\\Local\\Temp\\rust_mozprofile.yOTSxRYJlyBQ"
JavaScript error: resource://gre/modules/XULStore.jsm, line 66: Error: Can't find profile directory.
console.warn: SearchSettings: "get: No settings file exists, new profile?" (new Error("", "(unknown module)"))
1616934787094	Marionette	INFO	Listening on port 62448
1616934787368	Marionette	WARN	TLS certificate errors will be ignored for this session
console.error: Region.jsm: "Error fetching region" (new Error("TIMEOUT", "resource://gre/modules/Region.jsm", 772))
console.error: Region.jsm: "Failed to fetch region" (new Error("TIMEOUT", "resource://gre/modules/Region.jsm", 419))
JavaScript error: https://dss0.bdstatic.com/5aV1bjqh_Q23odCf/static/superman/js/sbase-0948aa26f1.js, line 70: Error: load css timeout : https://dss0.bdstatic.com/5aV1bjqh_Q23odCf/static/superui/css/ubase_9376fdcf.css
1616934866539	Marionette	INFO	Stopped listening on port 62448

###!!! [Child][RunMessage] Error: Channel closing: too late to send/recv, messages will be lost

1616934959892	mozrunner::runner	INFO	Running command: "C:\\Program Files\\Mozilla Firefox\\firefox.exe" "-marionette" "-foreground" "-no-remote" "-profile" "C:\\Users\\SHIYUQ~1\\AppData\\Local\\Temp\\rust_mozprofile.mX9YmDHDWLXD"
JavaScript error: resource://gre/modules/XULStore.jsm, line 66: Error: Can't find profile directory.
console.warn: SearchSettings: "get: No settings file exists, new profile?" (new Error("", "(unknown module)"))
1616934963882	Marionette	INFO	Listening on port 62896
1616934964260	Marionette	WARN	TLS certificate errors will be ignored for this session
JavaScript error: https://dss0.bdstatic.com/5aV1bjqh_Q23odCf/static/superman/js/sbase-0948aa26f1.js, line 70: Error: load css timeout : https://dss0.bdstatic.com/5aV1bjqh_Q23odCf/static/superman/css/components/user_quit_dialog-527f3ede74.css
[Parent 33036, IPC I/O Parent] WARNING: file /builds/worker/checkouts/gecko/ipc/chromium/src/base/process_util_win.cc:167
1616934982447	Marionette	INFO	Stopped listening on port 62896

###!!! [Child][RunMessage] Error: Channel closing: too late to send/recv, messages will be lost

1616935009896	mozrunner::runner	INFO	Running command: "C:\\Program Files\\Mozilla Firefox\\firefox.exe" "-marionette" "-foreground" "-no-remote" "-profile" "C:\\Users\\SHIYUQ~1\\AppData\\Local\\Temp\\rust_mozprofile.EPpZWXoeWAgk"
JavaScript error: resource://gre/modules/XULStore.jsm, line 66: Error: Can't find profile directory.
console.warn: SearchSettings: "get: No settings file exists, new profile?" (new Error("", "(unknown module)"))
1616935013635	Marionette	INFO	Listening on port 63088
1616935013736	Marionette	WARN	TLS certificate errors will be ignored for this session
1616935284074	Marionette	INFO	Stopped listening on port 63088

###!!! [Child][RunMessage] Error: Channel closing: too late to send/recv, messages will be lost

rs\\SHIYUQ~1\\AppData\\Local\\Temp\\rust_mozprofile.C4jSXg8212pr"
JavaScript error: resource://gre/modules/XULStore.jsm, line 66: Error: Can't find profile directory.
console.warn: SearchSettings: "get: No settings file exists, new profile?" (new Error("", "(unknown module)"))
1616935151540	Marionette	INFO	Listening on port 63381
1616935151773	Marionette	WARN	TLS certificate errors will be ignored for this session
1616935172906	Marionette	INFO	Stopped listening on port 63381

###!!! [Child][RunMessage] Error: Channel closing: too late to send/recv, messages will be lost

1616935201247	mozrunner::runner	INFO	Running command: "C:\\Program Files\\Mozilla Firefox\\firefox.exe" "-marionette" "-foreground" "-no-remote" "-profile" "C:\\Users\\SHIYUQ~1\\AppData\\Local\\Temp\\rust_mozprofile.ijz0zKCQwTop"
JavaScript error: resource://gre/modules/XULStore.jsm, line 66: Error: Can't find profile directory.
console.warn: SearchSettings: "get: No settings file exists, new profile?" (new Error("", "(unknown module)"))
1616935204697	Marionette	INFO	Listening on port 63510
1616935205079	Marionette	WARN	TLS certificate errors will be ignored for this session
1616935255212	Marionette	INFO	Stopped listening on port 63510

###!!! [Child][RunMessage] Error: Channel closing: too late to send/recv, messages will be lost

1616935299913	mozrunner::runner	INFO	Running command: "C:\\Program Files\\Mozilla Firefox\\firefox.exe" "-marionette" "-foreground" "-no-remote" "-profile" "C:\\Users\\SHIYUQ~1\\AppData\\Local\\Temp\\rust_mozprofile.fCkNHYsCteqd"
JavaScript error: resource://gre/modules/XULStore.jsm, line 66: Error: Can't find profile directory.
console.warn: SearchSettings: "get: No settings file exists, new profile?" (new Error("", "(unknown module)"))
1616935303811	Marionette	INFO	Listening on port 63735
1616935304263	Marionette	WARN	TLS certificate errors will be ignored for this session
1616935468133	Marionette	INFO	Stopped listening on port 63735

###!!! [Child][RunMessage] Error: Channel closing: too late to send/recv, messages will be lost

rs\\SHIYUQ~1\\AppData\\Local\\Temp\\rust_mozprofile.YUEj5ScOzcYI"
JavaScript error: resource://gre/modules/XULStore.jsm, line 66: Error: Can't find profile directory.
console.warn: SearchSettings: "get: No settings file exists, new profile?" (new Error("", "(unknown module)"))
1616935356685	Marionette	INFO	Listening on port 63928
1616935357208	Marionette	WARN	TLS certificate errors will be ignored for this session
1616935376740	Marionette	INFO	Stopped listening on port 63928

###!!! [Child][RunMessage] Error: Channel closing: too late to send/recv, messages will be lost

1616935469174	mozrunner::runner	INFO	Running command: "C:\\Program Files\\Mozilla Firefox\\firefox.exe" "-marionette" "-foreground" "-no-remote" "-profile" "C:\\Users\\SHIYUQ~1\\AppData\\Local\\Temp\\rust_mozprofile.xANdHISCUW7z"
JavaScript error: resource://gre/modules/XULStore.jsm, line 66: Error: Can't find profile directory.
console.warn: SearchSettings: "get: No settings file exists, new profile?" (new Error("", "(unknown module)"))
1616935473049	Marionette	INFO	Listening on port 64215
1616935473515	Marionette	WARN	TLS certificate errors will be ignored for this session
console.log: WebExtensions: reset-default-search: No addons in our list are installed.
1616936145417	Marionette	INFO	Stopped listening on port 64215

###!!! [Child][RunMessage] Error: Channel closing: too late to send/recv, messages will be lost

urce://gre/modules/XULStore.jsm, line 66: Error: Can't find profile directory.
console.warn: SearchSettings: "get: No settings file exists, new profile?" (new Error("", "(unknown module)"))
1616935528879	Marionette	INFO	Listening on port 64411
1616935529081	Marionette	WARN	TLS certificate errors will be ignored for this session
1616935543474	Marionette	INFO	Stopped listening on port 64411

###!!! [Child][RunMessage] Error: Channel closing: too late to send/recv, messages will be lost

1616935611849	mozrunner::runner	INFO	Running command: "C:\\Program Files\\Mozilla Firefox\\firefox.exe" "-marionette" "-foreground" "-no-remote" "-profile" "C:\\Users\\SHIYUQ~1\\AppData\\Local\\Temp\\rust_mozprofile.q1uW4BjWSLLZ"
JavaScript error: resource://gre/modules/XULStore.jsm, line 66: Error: Can't find profile directory.
console.warn: SearchSettings: "get: No settings file exists, new profile?" (new Error("", "(unknown module)"))
1616935615738	Marionette	INFO	Listening on port 64611
1616935616190	Marionette	WARN	TLS certificate errors will be ignored for this session
console.error: Region.jsm: "Error fetching region" (new Error("TIMEOUT", "resource://gre/modules/Region.jsm", 772))
console.error: Region.jsm: "Failed to fetch region" (new Error("TIMEOUT", "resource://gre/modules/Region.jsm", 419))
console.log: WebExtensions: reset-default-search: No addons in our list are installed.
1616936146230	Marionette	INFO	Stopped listening on port 64611
ile" "C:\\Users\\SHIYUQ~1\\AppData\\Local\\Temp\\rust_mozprofile.DEk6MpxUTBFq"
JavaScript error: resource://gre/modules/XULStore.jsm, line 66: Error: Can't find profile directory.
console.warn: SearchSettings: "get: No settings file exists, new profile?" (new Error("", "(unknown module)"))
1616935801267	Marionette	INFO	Listening on port 64948
1616935801611	Marionette	WARN	TLS certificate errors will be ignored for this session
console.warn: services.settings: main/whats-new-panel sync interrupted by shutdown
1616935811981	Marionette	INFO	Stopped listening on port 64948

###!!! [Child][RunMessage] Error: Channel closing: too late to send/recv, messages will be lost

1616936538645	mozrunner::runner	INFO	Running command: "C:\\Program Files\\Mozilla Firefox\\firefox.exe" "-marionette" "-foreground" "-no-remote" "-profile" "C:\\Users\\SHIYUQ~1\\AppData\\Local\\Temp\\rust_mozprofile.fiskWg2ajobF"
JavaScript error: resource://gre/modules/XULStore.jsm, line 66: Error: Can't find profile directory.
console.warn: SearchSettings: "get: No settings file exists, new profile?" (new Error("", "(unknown module)"))
1616936542538	Marionette	INFO	Listening on port 49756
1616936542990	Marionette	WARN	TLS certificate errors will be ignored for this session
1616936723614	Marionette	INFO	Stopped listening on port 49756

###!!! [Child][RunMessage] Error: Channel closing: too late to send/recv, messages will be lost

rs\\SHIYUQ~1\\AppData\\Local\\Temp\\rust_mozprofile.YS0jKRE9adra"
JavaScript error: resource://gre/modules/XULStore.jsm, line 66: Error: Can't find profile directory.
console.warn: SearchSettings: "get: No settings file exists, new profile?" (new Error("", "(unknown module)"))
1616936727902	Marionette	INFO	Listening on port 50084
1616936728017	Marionette	WARN	TLS certificate errors will be ignored for this session
1616936783868	Marionette	INFO	Stopped listening on port 50084

###!!! [Child][RunMessage] Error: Channel closing: too late to send/recv, messages will be lost

1616937624058	mozrunner::runner	INFO	Running command: "C:\\Program Files\\Mozilla Firefox\\firefox.exe" "-marionette" "-foreground" "-no-remote" "-profile" "C:\\Users\\SHIYUQ~1\\AppData\\Local\\Temp\\rust_mozprofile.HiooQmtr7qbc"
JavaScript error: resource://gre/modules/XULStore.jsm, line 66: Error: Can't find profile directory.
console.warn: SearchSettings: "get: No settings file exists, new profile?" (new Error("", "(unknown module)"))
1616937627833	Marionette	INFO	Listening on port 51962
1616937627896	Marionette	WARN	TLS certificate errors will be ignored for this session
1616937785521	Marionette	INFO	Stopped listening on port 51962
ram Files\\Mozilla Firefox\\firefox.exe" "-marionette" "-foreground" "-no-remote" "-profile" "C:\\Users\\SHIYUQ~1\\AppData\\Local\\Temp\\rust_mozprofile.PYxaAyaXRJ0T"
JavaScript error: resource://gre/modules/XULStore.jsm, line 66: Error: Can't find profile directory.
console.warn: SearchSettings: "get: No settings file exists, new profile?" (new Error("", "(unknown module)"))
JavaScript error: chrome://browser/content/places/browserPlacesViews.js, line 131: Error: No DOM node set for aPlacesNode.
node.type: 0. node.parent: [xpconnect wrapped nsINavHistoryResultNode]
1616937711703	Marionette	INFO	Listening on port 52206
1616937711972	Marionette	WARN	TLS certificate errors will be ignored for this session
1616937783787	Marionette	INFO	Stopped listening on port 52206

###!!! [Child][RunMessage] Error: Channel closing: too late to send/recv, messages will be lost

1616937790231	mozrunner::runner	INFO	Running command: "C:\\Program Files\\Mozilla Firefox\\firefox.exe" "-marionette" "-foreground" "-no-remote" "-profile" "C:\\Users\\SHIYUQ~1\\AppData\\Local\\Temp\\rust_mozprofile.PFrJv478GyvB"
JavaScript error: resource://gre/modules/XULStore.jsm, line 66: Error: Can't find profile directory.
console.warn: SearchSettings: "get: No settings file exists, new profile?" (new Error("", "(unknown module)"))
1616937794277	Marionette	INFO	Listening on port 52444
1616937794578	Marionette	WARN	TLS certificate errors will be ignored for this session
1616938029286	Marionette	INFO	Stopped listening on port 52444
ram Files\\Mozilla Firefox\\firefox.exe" "-marionette" "-foreground" "-no-remote" "-profile" "C:\\Users\\SHIYUQ~1\\AppData\\Local\\Temp\\rust_mozprofile.dyEwxwUjNtRP"
JavaScript error: resource://gre/modules/XULStore.jsm, line 66: Error: Can't find profile directory.
console.warn: SearchSettings: "get: No settings file exists, new profile?" (new Error("", "(unknown module)"))
1616937846717	Marionette	INFO	Listening on port 52596
1616937846864	Marionette	WARN	TLS certificate errors will be ignored for this session
1616938026087	Marionette	INFO	Stopped listening on port 52596

###!!! [Child][RunMessage] Error: Channel closing: too late to send/recv, messages will be lost

rs\\SHIYUQ~1\\AppData\\Local\\Temp\\rust_mozprofile.ETwJeQdpDkst"
JavaScript error: resource://gre/modules/XULStore.jsm, line 66: Error: Can't find profile directory.
console.warn: SearchSettings: "get: No settings file exists, new profile?" (new Error("", "(unknown module)"))
1616937986208	Marionette	INFO	Listening on port 52972
1616937986302	Marionette	WARN	TLS certificate errors will be ignored for this session
1616938025180	mozrunner::runner	INFO	Running command: "C:\\Program Files\\Mozilla Firefox\\firefox.exe" "-marionette" "-foreground" "-no-remote" "-profile" "C:\\Users\\SHIYUQ~1\\AppData\\Local\\Temp\\rust_mozprofile.Gbqlq463Qngb"
JavaScript error: resource://gre/modules/XULStore.jsm, line 66: Error: Can't find profile directory.
console.warn: SearchSettings: "get: No settings file exists, new profile?" (new Error("", "(unknown module)"))
1616938029628	Marionette	INFO	Listening on port 53112
1616938029699	Marionette	WARN	TLS certificate errors will be ignored for this session
JavaScript error: http://bdimg.share.baidu.com/static/api/js/trans/logger.js?v=60603cb3.js, line 1: TypeError: n.ajax.request is not a function
1616938379051	Marionette	INFO	Stopped listening on port 53112

###!!! [Child][RunMessage] Error: Channel closing: too late to send/recv, messages will be lost

rs\\SHIYUQ~1\\AppData\\Local\\Temp\\rust_mozprofile.FYTR53ABQwLB"
JavaScript error: resource://gre/modules/XULStore.jsm, line 66: Error: Can't find profile directory.
console.warn: SearchSettings: "get: No settings file exists, new profile?" (new Error("", "(unknown module)"))
1616938279973	Marionette	INFO	Listening on port 56989
1616938280476	Marionette	WARN	TLS certificate errors will be ignored for this session
JavaScript error: http://bdimg.share.baidu.com/static/api/js/trans/logger.js?v=60603cb3.js, line 1: TypeError: n.ajax.request is not a function
1616938377678	mozrunner::runner	INFO	Running command: "C:\\Program Files\\Mozilla Firefox\\firefox.exe" "-marionette" "-foreground" "-no-remote" "-profile" "C:\\Users\\SHIYUQ~1\\AppData\\Local\\Temp\\rust_mozprofile.9AzTyj5FahfF"
JavaScript error: resource://gre/modules/XULStore.jsm, line 66: Error: Can't find profile directory.
console.warn: SearchSettings: "get: No settings file exists, new profile?" (new Error("", "(unknown module)"))
1616938381410	Marionette	INFO	Listening on port 57176
1616938381511	Marionette	WARN	TLS certificate errors will be ignored for this session
1616938558779	Marionette	INFO	Stopped listening on port 57176
ram Files\\Mozilla Firefox\\firefox.exe" "-marionette" "-foreground" "-no-remote" "-profile" "C:\\Users\\SHIYUQ~1\\AppData\\Local\\Temp\\rust_mozprofile.TeVVkc1GzDTA"
JavaScript error: resource://gre/modules/XULStore.jsm, line 66: Error: Can't find profile directory.
console.warn: SearchSettings: "get: No settings file exists, new profile?" (new Error("", "(unknown module)"))
1616938450687	Marionette	INFO	Listening on port 57313
1616938451123	Marionette	WARN	TLS certificate errors will be ignored for this session
1616938474172	Marionette	INFO	Stopped listening on port 57313

###!!! [Child][RunMessage] Error: Channel closing: too late to send/recv, messages will be lost

1616938481384	mozrunner::runner	INFO	Running command: "C:\\Program Files\\Mozilla Firefox\\firefox.exe" "-marionette" "-foreground" "-no-remote" "-profile" "C:\\Users\\SHIYUQ~1\\AppData\\Local\\Temp\\rust_mozprofile.4BphYAv9NxYF"
JavaScript error: resource://gre/modules/XULStore.jsm, line 66: Error: Can't find profile directory.
console.warn: SearchSettings: "get: No settings file exists, new profile?" (new Error("", "(unknown module)"))
JavaScript error: chrome://browser/content/places/browserPlacesViews.js, line 131: Error: No DOM node set for aPlacesNode.
node.type: 0. node.parent: [xpconnect wrapped nsINavHistoryResultNode]
1616938484711	Marionette	INFO	Listening on port 57397
1616938485227	Marionette	WARN	TLS certificate errors will be ignored for this session
1616938595063	Marionette	INFO	Stopped listening on port 57397

###!!! [Child][RunMessage] Error: Channel closing: too late to send/recv, messages will be lost

rs\\SHIYUQ~1\\AppData\\Local\\Temp\\rust_mozprofile.daTAOlh6zuXs"
JavaScript error: resource://gre/modules/XULStore.jsm, line 66: Error: Can't find profile directory.
console.warn: SearchSettings: "get: No settings file exists, new profile?" (new Error("", "(unknown module)"))
1616938573167	Marionette	INFO	Listening on port 57545
1616938573558	Marionette	WARN	TLS certificate errors will be ignored for this session
JavaScript error: http://bdimg.share.baidu.com/static/api/js/trans/logger.js?v=60603cb3.js, line 1: TypeError: n.ajax.request is not a function
1616938779302	Marionette	INFO	Stopped listening on port 57545

###!!! [Child][RunMessage] Error: Channel closing: too late to send/recv, messages will be lost

rs\\SHIYUQ~1\\AppData\\Local\\Temp\\rust_mozprofile.tu5MoeoWZy7H"
JavaScript error: resource://gre/modules/XULStore.jsm, line 66: Error: Can't find profile directory.
console.warn: SearchSettings: "get: No settings file exists, new profile?" (new Error("", "(unknown module)"))
1616938608533	Marionette	INFO	Listening on port 57645
1616938608623	Marionette	WARN	TLS certificate errors will be ignored for this session
JavaScript error: http://bdimg.share.baidu.com/static/api/js/trans/logger.js?v=60603cb3.js, line 1: TypeError: n.ajax.request is not a function
JavaScript error: http://bdimg.share.baidu.com/static/api/js/trans/logger.js?v=60603cb3.js, line 1: TypeError: n.ajax.request is not a function
JavaScript error: http://bdimg.share.baidu.com/static/api/js/trans/logger.js?v=60603cb3.js, line 1: TypeError: n.ajax.request is not a function
JavaScript error: http://bdimg.share.baidu.com/static/api/js/trans/logger.js?v=60603cb3.js, line 1: TypeError: n.ajax.request is not a function
1616938809584	Marionette	INFO	Stopped listening on port 57645

###!!! [Child][RunMessage] Error: Channel closing: too late to send/recv, messages will be lost

1616939307869	mozrunner::runner	INFO	Running command: "C:\\Program Files\\Mozilla Firefox\\firefox.exe" "-marionette" "-foreground" "-no-remote" "-profile" "C:\\Users\\SHIYUQ~1\\AppData\\Local\\Temp\\rust_mozprofile.HRmpGpyoVz7E"
JavaScript error: resource://gre/modules/XULStore.jsm, line 66: Error: Can't find profile directory.
console.warn: SearchSettings: "get: No settings file exists, new profile?" (new Error("", "(unknown module)"))
1616939311360	Marionette	INFO	Listening on port 58084
1616939311715	Marionette	WARN	TLS certificate errors will be ignored for this session
1616939505203	Marionette	INFO	Stopped listening on port 58084

###!!! [Child][RunMessage] Error: Channel closing: too late to send/recv, messages will be lost

rs\\SHIYUQ~1\\AppData\\Local\\Temp\\rust_mozprofile.i9fPmIoRxN2l"
JavaScript error: resource://gre/modules/XULStore.jsm, line 66: Error: Can't find profile directory.
console.warn: SearchSettings: "get: No settings file exists, new profile?" (new Error("", "(unknown module)"))
1616939437984	Marionette	INFO	Listening on port 58181
1616939438464	Marionette	WARN	TLS certificate errors will be ignored for this session
1616939508266	Marionette	INFO	Stopped listening on port 58181

###!!! [Child][RunMessage] Error: Channel closing: too late to send/recv, messages will be lost

rs\\SHIYUQ~1\\AppData\\Local\\Temp\\rust_mozprofile.EjNpX3jbQ8xt"
JavaScript error: resource://gre/modules/XULStore.jsm, line 66: Error: Can't find profile directory.
console.warn: SearchSettings: "get: No settings file exists, new profile?" (new Error("", "(unknown module)"))
1616939509744	Marionette	INFO	Listening on port 58261
1616939509788	Marionette	WARN	TLS certificate errors will be ignored for this session
console.error: Region.jsm: "Error fetching region" (new Error("TIMEOUT", "resource://gre/modules/Region.jsm", 772))
console.error: Region.jsm: "Failed to fetch region" (new Error("TIMEOUT", "resource://gre/modules/Region.jsm", 419))
1616939723281	Marionette	INFO	Stopped listening on port 58261
1616940185105	mozrunner::runner	INFO	Running command: "C:\\Program Files\\Mozilla Firefox\\firefox.exe" "-marionette" "-foreground" "-no-remote" "-profile" "C:\\Users\\SHIYUQ~1\\AppData\\Local\\Temp\\rust_mozprofile.6ldvvlCC5G6g"
JavaScript error: resource://gre/modules/XULStore.jsm, line 66: Error: Can't find profile directory.
console.warn: SearchSettings: "get: No settings file exists, new profile?" (new Error("", "(unknown module)"))
1616940188290	Marionette	INFO	Listening on port 58602
1616940188344	Marionette	WARN	TLS certificate errors will be ignored for this session
JavaScript warning: https://apps.bdimg.com/libs/jquery/1.10.2/jquery.min.js, line 2: Using //@ to indicate sourceMappingURL pragmas is deprecated. Use //# instead
console.log: WebExtensions: reset-default-search: No addons in our list are installed.
1616941167197	Marionette	INFO	Stopped listening on port 58602

###!!! [Child][RunMessage] Error: Channel closing: too late to send/recv, messages will be lost

urce://gre/modules/XULStore.jsm, line 66: Error: Can't find profile directory.
console.warn: SearchSettings: "get: No settings file exists, new profile?" (new Error("", "(unknown module)"))
1616940420074	Marionette	INFO	Listening on port 58734
1616940420150	Marionette	WARN	TLS certificate errors will be ignored for this session
JavaScript warning: https://apps.bdimg.com/libs/jquery/1.10.2/jquery.min.js, line 2: Using //@ to indicate sourceMappingURL pragmas is deprecated. Use //# instead
1616940487315	Marionette	INFO	Stopped listening on port 58734

###!!! [Child][RunMessage] Error: Channel closing: too late to send/recv, messages will be lost

1616940532822	mozrunner::runner	INFO	Running command: "C:\\Program Files\\Mozilla Firefox\\firefox.exe" "-marionette" "-foreground" "-no-remote" "-profile" "C:\\Users\\SHIYUQ~1\\AppData\\Local\\Temp\\rust_mozprofile.AdBpT5RGLbSo"
JavaScript error: resource://gre/modules/XULStore.jsm, line 66: Error: Can't find profile directory.
console.warn: SearchSettings: "get: No settings file exists, new profile?" (new Error("", "(unknown module)"))
1616940536872	Marionette	INFO	Listening on port 58863
1616940537158	Marionette	WARN	TLS certificate errors will be ignored for this session
JavaScript warning: https://apps.bdimg.com/libs/jquery/1.10.2/jquery.min.js, line 2: Using //@ to indicate sourceMappingURL pragmas is deprecated. Use //# instead
1616940777906	Marionette	INFO	Stopped listening on port 58863

###!!! [Child][RunMessage] Error: Channel closing: too late to send/recv, messages will be lost

rs\\SHIYUQ~1\\AppData\\Local\\Temp\\rust_mozprofile.1rD9pQ790pm3"
JavaScript error: resource://gre/modules/XULStore.jsm, line 66: Error: Can't find profile directory.
console.warn: SearchSettings: "get: No settings file exists, new profile?" (new Error("", "(unknown module)"))
1616940676602	Marionette	INFO	Listening on port 59006
1616940676690	Marionette	WARN	TLS certificate errors will be ignored for this session
JavaScript warning: https://apps.bdimg.com/libs/jquery/1.10.2/jquery.min.js, line 2: Using //@ to indicate sourceMappingURL pragmas is deprecated. Use //# instead
1616940780052	Marionette	INFO	Stopped listening on port 59006

###!!! [Child][RunMessage] Error: Channel closing: too late to send/recv, messages will be lost

rs\\SHIYUQ~1\\AppData\\Local\\Temp\\rust_mozprofile.HtV9hPIu5QMU"
JavaScript error: resource://gre/modules/XULStore.jsm, line 66: Error: Can't find profile directory.
console.warn: SearchSettings: "get: No settings file exists, new profile?" (new Error("", "(unknown module)"))
1616940783495	Marionette	INFO	Listening on port 59119
1616940783918	Marionette	WARN	TLS certificate errors will be ignored for this session
JavaScript warning: https://apps.bdimg.com/libs/jquery/1.10.2/jquery.min.js, line 2: Using //@ to indicate sourceMappingURL pragmas is deprecated. Use //# instead
console.error: Region.jsm: "Error fetching region" (new Error("TIMEOUT", "resource://gre/modules/Region.jsm", 772))
console.error: Region.jsm: "Failed to fetch region" (new Error("TIMEOUT", "resource://gre/modules/Region.jsm", 419))
1616941168663	Marionette	INFO	Stopped listening on port 59119

###!!! [Child][RunMessage] Error: Channel closing: too late to send/recv, messages will be lost

rs\\SHIYUQ~1\\AppData\\Local\\Temp\\rust_mozprofile.l4IHDOaX96wQ"
JavaScript error: resource://gre/modules/XULStore.jsm, line 66: Error: Can't find profile directory.
console.warn: SearchSettings: "get: No settings file exists, new profile?" (new Error("", "(unknown module)"))
1616941110552	Marionette	INFO	Listening on port 59280
1616941111016	Marionette	WARN	TLS certificate errors will be ignored for this session
JavaScript warning: https://apps.bdimg.com/libs/jquery/1.10.2/jquery.min.js, line 2: Using //@ to indicate sourceMappingURL pragmas is deprecated. Use //# instead
console.error: Region.jsm: "Error fetching region" (new Error("TIMEOUT", "resource://gre/modules/Region.jsm", 772))
console.error: Region.jsm: "Failed to fetch region" (new Error("TIMEOUT", "resource://gre/modules/Region.jsm", 419))
1616941169853	Marionette	INFO	Stopped listening on port 59280

###!!! [Child][RunMessage] Error: Channel closing: too late to send/recv, messages will be lost

1616941174459	mozrunner::runner	INFO	Running command: "C:\\Program Files\\Mozilla Firefox\\firefox.exe" "-marionette" "-foreground" "-no-remote" "-profile" "C:\\Users\\SHIYUQ~1\\AppData\\Local\\Temp\\rust_mozprofile.aIpLOfwMg5sn"
JavaScript error: resource://gre/modules/XULStore.jsm, line 66: Error: Can't find profile directory.
console.warn: SearchSettings: "get: No settings file exists, new profile?" (new Error("", "(unknown module)"))
1616941177609	Marionette	INFO	Listening on port 59402
1616941177691	Marionette	WARN	TLS certificate errors will be ignored for this session
JavaScript warning: https://apps.bdimg.com/libs/jquery/1.10.2/jquery.min.js, line 2: Using //@ to indicate sourceMappingURL pragmas is deprecated. Use //# instead
1616941191690	Marionette	INFO	Stopped listening on port 59402

###!!! [Child][RunMessage] Error: Channel closing: too late to send/recv, messages will be lost

1616941282811	mozrunner::runner	INFO	Running command: "C:\\Program Files\\Mozilla Firefox\\firefox.exe" "-marionette" "-foreground" "-no-remote" "-profile" "C:\\Users\\SHIYUQ~1\\AppData\\Local\\Temp\\rust_mozprofile.EBx4h6evEOK6"
JavaScript error: resource://gre/modules/XULStore.jsm, line 66: Error: Can't find profile directory.
console.warn: SearchSettings: "get: No settings file exists, new profile?" (new Error("", "(unknown module)"))
1616941286018	Marionette	INFO	Listening on port 59502
1616941286049	Marionette	WARN	TLS certificate errors will be ignored for this session
JavaScript warning: https://apps.bdimg.com/libs/jquery/1.10.2/jquery.min.js, line 2: Using //@ to indicate sourceMappingURL pragmas is deprecated. Use //# instead
console.log: WebExtensions: reset-default-search: No addons in our list are installed.
1616943408209	Marionette	INFO	Stopped listening on port 59502

###!!! [Child][RunMessage] Error: Channel closing: too late to send/recv, messages will be lost

rs\\SHIYUQ~1\\AppData\\Local\\Temp\\rust_mozprofile.B9sdTd4vGFuY"
JavaScript error: resource://gre/modules/XULStore.jsm, line 66: Error: Can't find profile directory.
console.warn: SearchSettings: "get: No settings file exists, new profile?" (new Error("", "(unknown module)"))
1616942155509	Marionette	INFO	Listening on port 59750
1616942155629	Marionette	WARN	TLS certificate errors will be ignored for this session
JavaScript warning: https://apps.bdimg.com/libs/jquery/1.10.2/jquery.min.js, line 2: Using //@ to indicate sourceMappingURL pragmas is deprecated. Use //# instead
console.log: WebExtensions: reset-default-search: No addons in our list are installed.
1616943406118	Marionette	INFO	Stopped listening on port 59750

###!!! [Child][RunMessage] Error: Channel closing: too late to send/recv, messages will be lost

urce://gre/modules/XULStore.jsm, line 66: Error: Can't find profile directory.
console.warn: SearchSettings: "get: No settings file exists, new profile?" (new Error("", "(unknown module)"))
1616942203902	Marionette	INFO	Listening on port 59859
1616942204351	Marionette	WARN	TLS certificate errors will be ignored for this session
JavaScript warning: https://apps.bdimg.com/libs/jquery/1.10.2/jquery.min.js, line 2: Using //@ to indicate sourceMappingURL pragmas is deprecated. Use //# instead
1616942772614	addons.xpi	ERROR	Failed to download system add-on reset-search-defaults@mozilla.com: Error: Failed downloading via XHR, status: 0, reason: error(resource://gre/modules/addons/ProductAddonChecker.jsm:244:16) JS Stack trace: fail@ProductAddonChecker.jsm:244:16

###!!! [Child][RunMessage] Error: Channel closing: too late to send/recv, messages will be lost

1616943402702	Marionette	INFO	Stopped listening on port 59859

###!!! [Child][RunMessage] Error: Channel closing: too late to send/recv, messages will be lost

dules/XULStore.jsm, line 66: Error: Can't find profile directory.
console.warn: SearchSettings: "get: No settings file exists, new profile?" (new Error("", "(unknown module)"))
JavaScript error: chrome://browser/content/places/browserPlacesViews.js, line 131: Error: No DOM node set for aPlacesNode.
node.type: 0. node.parent: [xpconnect wrapped nsINavHistoryResultNode]
1616943235113	Marionette	INFO	Listening on port 60198
1616943235382	Marionette	WARN	TLS certificate errors will be ignored for this session
JavaScript warning: https://apps.bdimg.com/libs/jquery/1.10.2/jquery.min.js, line 2: Using //@ to indicate sourceMappingURL pragmas is deprecated. Use //# instead
1616943404517	Marionette	INFO	Stopped listening on port 60198

###!!! [Child][RunMessage] Error: Channel closing: too late to send/recv, messages will be lost

1617092780106	mozrunner::runner	INFO	Running command: "C:\\Program Files\\Mozilla Firefox\\firefox.exe" "-marionette" "-foreground" "-no-remote" "-profile" "C:\\Users\\SHIYUQ~1\\AppData\\Local\\Temp\\rust_mozprofile.EITF0Gx6LObP"
JavaScript error: resource://gre/modules/XULStore.jsm, line 66: Error: Can't find profile directory.
console.warn: SearchSettings: "get: No settings file exists, new profile?" (new Error("", "(unknown module)"))
1617092785136	Marionette	INFO	Listening on port 63783
1617092785195	Marionette	WARN	TLS certificate errors will be ignored for this session
JavaScript warning: https://apps.bdimg.com/libs/jquery/1.10.2/jquery.min.js, line 2: Using //@ to indicate sourceMappingURL pragmas is deprecated. Use //# instead
console.log: WebExtensions: reset-default-search: No addons in our list are installed.
1617095925782	Marionette	INFO	Stopped listening on port 63783

###!!! [Child][RunMessage] Error: Channel closing: too late to send/recv, messages will be lost

1617530649029	mozrunner::runner	INFO	Running command: "C:\\Program Files\\Mozilla Firefox\\firefox.exe" "-marionette" "-foreground" "-no-remote" "-profile" "C:\\Users\\SHIYUQ~1\\AppData\\Local\\Temp\\rust_mozprofile.gmjV0K1Q0ztQ"
JavaScript error: resource://gre/modules/XULStore.jsm, line 66: Error: Can't find profile directory.
console.warn: SearchSettings: "get: No settings file exists, new profile?" (new Error("", "(unknown module)"))
1617530652168	Marionette	INFO	Listening on port 60725
1617530652279	Marionette	WARN	TLS certificate errors will be ignored for this session
1617530707709	Marionette	INFO	Stopped listening on port 60725
ram Files\\Mozilla Firefox\\firefox.exe" "-marionette" "-foreground" "-no-remote" "-profile" "C:\\Users\\SHIYUQ~1\\AppData\\Local\\Temp\\rust_mozprofile.RxEqa0kkhzh2"
JavaScript error: resource://gre/modules/XULStore.jsm, line 66: Error: Can't find profile directory.
console.warn: SearchSettings: "get: No settings file exists, new profile?" (new Error("", "(unknown module)"))
1617530709836	Marionette	INFO	Listening on port 60790
1617530710256	Marionette	WARN	TLS certificate errors will be ignored for this session
JavaScript error: http://bdimg.share.baidu.com/static/api/js/trans/logger.js?v=60603cb3.js, line 1: TypeError: n.ajax.request is not a function
1617530752804	Marionette	INFO	Stopped listening on port 60790

###!!! [Child][RunMessage] Error: Channel closing: too late to send/recv, messages will be lost

